\BOOKMARK [0][-]{chapter*.8}{List of Tables}{}% 1
\BOOKMARK [0][-]{chapter*.9}{List of Figures}{}% 2
\BOOKMARK [0][-]{chapter.1}{Introduction}{}% 3
\BOOKMARK [1][-]{section.1.1}{Motivation and Context}{chapter.1}% 4
\BOOKMARK [1][-]{section.1.2}{Problem Statement}{chapter.1}% 5
\BOOKMARK [1][-]{section.1.3}{Objectives}{chapter.1}% 6
\BOOKMARK [1][-]{section.1.4}{Contributions}{chapter.1}% 7
\BOOKMARK [1][-]{section.1.5}{Outline}{chapter.1}% 8
\BOOKMARK [0][-]{chapter.2}{Related Works}{}% 9
\BOOKMARK [1][-]{section.2.1}{Map Interpretation}{chapter.2}% 10
\BOOKMARK [1][-]{section.2.2}{Automatic Chart Interpretation}{chapter.2}% 11
\BOOKMARK [1][-]{section.2.3}{Interactive Applications from Chart Images}{chapter.2}% 12
\BOOKMARK [1][-]{section.2.4}{Final Considerations}{chapter.2}% 13
\BOOKMARK [0][-]{chapter.3}{Background}{}% 14
\BOOKMARK [1][-]{section.3.1}{Final Considerations}{chapter.3}% 15
\BOOKMARK [0][-]{chapter.4}{Automatic Interpretation of Map Visualizations}{}% 16
\BOOKMARK [0][-]{chapter.5}{Discussion and Conclusions}{}% 17
\BOOKMARK [1][-]{section.5.1}{Limitations and Future Work}{chapter.5}% 18
\BOOKMARK [1][-]{section.5.2}{Conclusions}{chapter.5}% 19
\BOOKMARK [0][-]{chapter*.20}{Bibliography}{}% 20
