\BOOKMARK [0][-]{chapter*.7}{List of Tables}{}% 1
\BOOKMARK [0][-]{chapter*.8}{List of Figures}{}% 2
\BOOKMARK [0][-]{chapter.1}{Introduction}{}% 3
\BOOKMARK [1][-]{section.1.1}{Motivation and Context}{chapter.1}% 4
\BOOKMARK [1][-]{section.1.2}{Problem Statement}{chapter.1}% 5
\BOOKMARK [1][-]{section.1.3}{Objectives}{chapter.1}% 6
\BOOKMARK [1][-]{section.1.4}{Contributions}{chapter.1}% 7
\BOOKMARK [1][-]{section.1.5}{Outline}{chapter.1}% 8
\BOOKMARK [0][-]{chapter.2}{Related Works}{}% 9
\BOOKMARK [1][-]{section.2.1}{Online and Compositional Learning of Controllers with Application to Floor Heating}{chapter.2}% 10
\BOOKMARK [1][-]{section.2.2}{An Improved Algorithm for the Control Synthesis of Nonlinear Sampled Switched Systems}{chapter.2}% 11
\BOOKMARK [1][-]{section.2.3}{Distributed Synthesis of State-Dependent Switching Control}{chapter.2}% 12
\BOOKMARK [1][-]{section.2.4}{Final Considerations}{chapter.2}% 13
\BOOKMARK [0][-]{chapter.3}{Background}{}% 14
\BOOKMARK [1][-]{section.3.1}{Switched Systems}{chapter.3}% 15
\BOOKMARK [1][-]{section.3.2}{Safety and Reachability}{chapter.3}% 16
\BOOKMARK [1][-]{section.3.3}{Controller synthesis}{chapter.3}% 17
\BOOKMARK [0][-]{chapter.4}{Hybrid Solar Water heating}{}% 18
\BOOKMARK [1][-]{section.4.1}{System Modelling}{chapter.4}% 19
\BOOKMARK [2][-]{subsection.4.1.1}{System Setup}{section.4.1}% 20
\BOOKMARK [2][-]{subsection.4.1.2}{State Space Representation}{section.4.1}% 21
\BOOKMARK [2][-]{subsection.4.1.3}{Matrix Representation}{section.4.1}% 22
\BOOKMARK [0][-]{chapter.5}{Discussion and Conclusions}{}% 23
\BOOKMARK [1][-]{section.5.1}{Limitations and Future Work}{chapter.5}% 24
\BOOKMARK [0][-]{section.5.1}{Bibliography}{}% 25
