\BOOKMARK [0][-]{chapter*.7}{List of Tables}{}% 1
\BOOKMARK [0][-]{chapter*.8}{List of Figures}{}% 2
\BOOKMARK [0][-]{chapter.1}{Introduction}{}% 3
\BOOKMARK [1][-]{section.1.1}{Motivation and Context}{chapter.1}% 4
\BOOKMARK [1][-]{section.1.2}{Problem Statement}{chapter.1}% 5
\BOOKMARK [1][-]{section.1.3}{Objectives}{chapter.1}% 6
\BOOKMARK [1][-]{section.1.4}{Contributions}{chapter.1}% 7
\BOOKMARK [1][-]{section.1.5}{Outline}{chapter.1}% 8
\BOOKMARK [0][-]{chapter.2}{Related Works}{}% 9
\BOOKMARK [1][-]{section.2.1}{Online and Compositional Learning of Controllers with Application to Floor Heating}{chapter.2}% 10
\BOOKMARK [1][-]{section.2.2}{An Improved Algorithm for the Control Synthesis of Nonlinear Sampled Switched Systems}{chapter.2}% 11
\BOOKMARK [1][-]{section.2.3}{Distributed Synthesis of State-Dependent Switching Control}{chapter.2}% 12
\BOOKMARK [1][-]{section.2.4}{Final Considerations}{chapter.2}% 13
\BOOKMARK [0][-]{chapter.3}{Background}{}% 14
\BOOKMARK [1][-]{section.3.1}{Switched systems}{chapter.3}% 15
\BOOKMARK [1][-]{section.3.2}{Safe patterns computation}{chapter.3}% 16
\BOOKMARK [1][-]{section.3.3}{Near optimal Switched Controller synthesis}{chapter.3}% 17
\BOOKMARK [1][-]{section.3.4}{Safe and near optimal controller for sthocastic hybrid games}{chapter.3}% 18
\BOOKMARK [0][-]{chapter.4}{Safe and Near Optimal Controller Synthesis for Stochastic hybrid Games}{}% 19
\BOOKMARK [1][-]{section.4.1}{Solar Water Heating Case study}{chapter.4}% 20
\BOOKMARK [2][-]{subsection.4.1.1}{data analysis}{section.4.1}% 21
\BOOKMARK [2][-]{subsection.4.1.2}{Hybrid Solar Water Heating as a Sthocastic Hybrid Game}{section.4.1}% 22
\BOOKMARK [1][-]{section.4.2}{Experiments: }{chapter.4}% 23
\BOOKMARK [2][-]{subsection.4.2.1}{Patterns computation}{section.4.2}% 24
\BOOKMARK [2][-]{subsection.4.2.2}{Near optimal Experiments}{section.4.2}% 25
\BOOKMARK [0][-]{chapter.5}{Discussion and Conclusions}{}% 26
\BOOKMARK [1][-]{section.5.1}{Limitations and Future Work}{chapter.5}% 27
